{"/home/abu-nofal/code301/data-structures-and-algorithms/401-code-challenge/code05/linkedlist.js": {"path":"/home/abu-nofal/code301/data-structures-and-algorithms/401-code-challenge/code05/linkedlist.js","statementMap":{"0":{"start":{"line":3,"column":11},"end":{"line":3,"column":28}},"1":{"start":{"line":7,"column":8},"end":{"line":7,"column":23}},"2":{"start":{"line":8,"column":8},"end":{"line":8,"column":23}},"3":{"start":{"line":9,"column":8},"end":{"line":9,"column":22}},"4":{"start":{"line":14,"column":21},"end":{"line":14,"column":36}},"5":{"start":{"line":15,"column":8},"end":{"line":22,"column":9}},"6":{"start":{"line":16,"column":12},"end":{"line":16,"column":30}},"7":{"start":{"line":17,"column":12},"end":{"line":17,"column":32}},"8":{"start":{"line":20,"column":12},"end":{"line":20,"column":30}},"9":{"start":{"line":21,"column":12},"end":{"line":21,"column":35}},"10":{"start":{"line":23,"column":8},"end":{"line":23,"column":22}},"11":{"start":{"line":24,"column":8},"end":{"line":24,"column":25}},"12":{"start":{"line":28,"column":21},"end":{"line":28,"column":36}},"13":{"start":{"line":29,"column":8},"end":{"line":38,"column":9}},"14":{"start":{"line":30,"column":12},"end":{"line":30,"column":30}},"15":{"start":{"line":33,"column":25},"end":{"line":33,"column":34}},"16":{"start":{"line":34,"column":12},"end":{"line":36,"column":13}},"17":{"start":{"line":35,"column":16},"end":{"line":35,"column":39}},"18":{"start":{"line":37,"column":12},"end":{"line":37,"column":34}},"19":{"start":{"line":42,"column":20},"end":{"line":42,"column":29}},"20":{"start":{"line":43,"column":8},"end":{"line":48,"column":9}},"21":{"start":{"line":44,"column":12},"end":{"line":46,"column":13}},"22":{"start":{"line":45,"column":16},"end":{"line":45,"column":27}},"23":{"start":{"line":47,"column":12},"end":{"line":47,"column":33}},"24":{"start":{"line":49,"column":8},"end":{"line":49,"column":21}},"25":{"start":{"line":53,"column":20},"end":{"line":53,"column":29}},"26":{"start":{"line":54,"column":8},"end":{"line":56,"column":9}},"27":{"start":{"line":55,"column":12},"end":{"line":55,"column":71}},"28":{"start":{"line":58,"column":17},"end":{"line":58,"column":19}},"29":{"start":{"line":59,"column":8},"end":{"line":62,"column":9}},"30":{"start":{"line":60,"column":12},"end":{"line":60,"column":43}},"31":{"start":{"line":61,"column":12},"end":{"line":61,"column":33}},"32":{"start":{"line":63,"column":8},"end":{"line":63,"column":30}},"33":{"start":{"line":67,"column":15},"end":{"line":67,"column":31}},"34":{"start":{"line":68,"column":0},"end":{"line":68,"column":19}},"35":{"start":{"line":69,"column":0},"end":{"line":69,"column":19}},"36":{"start":{"line":72,"column":0},"end":{"line":72,"column":33}},"37":{"start":{"line":73,"column":0},"end":{"line":73,"column":34}},"38":{"start":{"line":76,"column":0},"end":{"line":76,"column":25}}},"fnMap":{"0":{"name":"(anonymous_0)","decl":{"start":{"line":6,"column":4},"end":{"line":6,"column":5}},"loc":{"start":{"line":6,"column":17},"end":{"line":10,"column":5}},"line":6},"1":{"name":"(anonymous_1)","decl":{"start":{"line":13,"column":4},"end":{"line":13,"column":5}},"loc":{"start":{"line":13,"column":17},"end":{"line":25,"column":5}},"line":13},"2":{"name":"(anonymous_2)","decl":{"start":{"line":27,"column":4},"end":{"line":27,"column":5}},"loc":{"start":{"line":27,"column":17},"end":{"line":39,"column":5}},"line":27},"3":{"name":"(anonymous_3)","decl":{"start":{"line":41,"column":4},"end":{"line":41,"column":5}},"loc":{"start":{"line":41,"column":19},"end":{"line":50,"column":5}},"line":41},"4":{"name":"(anonymous_4)","decl":{"start":{"line":52,"column":4},"end":{"line":52,"column":5}},"loc":{"start":{"line":52,"column":14},"end":{"line":64,"column":5}},"line":52}},"branchMap":{"0":{"loc":{"start":{"line":15,"column":8},"end":{"line":22,"column":9}},"type":"if","locations":[{"start":{"line":15,"column":8},"end":{"line":22,"column":9}},{"start":{"line":15,"column":8},"end":{"line":22,"column":9}}],"line":15},"1":{"loc":{"start":{"line":29,"column":8},"end":{"line":38,"column":9}},"type":"if","locations":[{"start":{"line":29,"column":8},"end":{"line":38,"column":9}},{"start":{"line":29,"column":8},"end":{"line":38,"column":9}}],"line":29},"2":{"loc":{"start":{"line":44,"column":12},"end":{"line":46,"column":13}},"type":"if","locations":[{"start":{"line":44,"column":12},"end":{"line":46,"column":13}},{"start":{"line":44,"column":12},"end":{"line":46,"column":13}}],"line":44},"3":{"loc":{"start":{"line":54,"column":8},"end":{"line":56,"column":9}},"type":"if","locations":[{"start":{"line":54,"column":8},"end":{"line":56,"column":9}},{"start":{"line":54,"column":8},"end":{"line":56,"column":9}}],"line":54}},"s":{"0":1,"1":9,"2":9,"3":9,"4":6,"5":6,"6":6,"7":6,"8":0,"9":0,"10":6,"11":6,"12":7,"13":7,"14":1,"15":6,"16":6,"17":0,"18":6,"19":3,"20":3,"21":6,"22":2,"23":4,"24":1,"25":3,"26":3,"27":1,"28":2,"29":2,"30":4,"31":4,"32":2,"33":1,"34":1,"35":1,"36":1,"37":1,"38":1},"f":{"0":9,"1":6,"2":7,"3":3,"4":3},"b":{"0":[6,0],"1":[1,6],"2":[2,4],"3":[1,2]},"_coverageSchema":"1a1c01bbd47fc00a2c39e90264f33305004495a9","hash":"f72f564f86eea3e137b7eb6f0a66d0c481417af1"}
,"/home/abu-nofal/code301/data-structures-and-algorithms/401-code-challenge/code05/node.js": {"path":"/home/abu-nofal/code301/data-structures-and-algorithms/401-code-challenge/code05/node.js","statementMap":{"0":{"start":{"line":3,"column":8},"end":{"line":3,"column":25}},"1":{"start":{"line":4,"column":8},"end":{"line":4,"column":23}},"2":{"start":{"line":8,"column":0},"end":{"line":8,"column":20}}},"fnMap":{"0":{"name":"(anonymous_0)","decl":{"start":{"line":2,"column":4},"end":{"line":2,"column":5}},"loc":{"start":{"line":2,"column":22},"end":{"line":5,"column":5}},"line":2}},"branchMap":{},"s":{"0":14,"1":14,"2":2},"f":{"0":14},"b":{},"_coverageSchema":"1a1c01bbd47fc00a2c39e90264f33305004495a9","hash":"466b4914f5741ce6e60e0c91e19a684f6ceac06a"}
,"/home/abu-nofal/code301/data-structures-and-algorithms/javascript/code-challenges/reverse-ll/reverse-ll.js": {"path":"/home/abu-nofal/code301/data-structures-and-algorithms/javascript/code-challenges/reverse-ll/reverse-ll.js","statementMap":{"0":{"start":{"line":4,"column":19},"end":{"line":4,"column":47}},"1":{"start":{"line":12,"column":0},"end":{"line":16,"column":1}},"2":{"start":{"line":14,"column":2},"end":{"line":14,"column":14}}},"fnMap":{"0":{"name":"reverse","decl":{"start":{"line":12,"column":26},"end":{"line":12,"column":33}},"loc":{"start":{"line":12,"column":40},"end":{"line":16,"column":1}},"line":12}},"branchMap":{},"s":{"0":1,"1":1,"2":1},"f":{"0":1},"b":{},"_coverageSchema":"1a1c01bbd47fc00a2c39e90264f33305004495a9","hash":"833f756a399cb164234a89ca0b0007f11b2a6c9a"}
,"/home/abu-nofal/code301/data-structures-and-algorithms/javascript/linked-list/index.js": {"path":"/home/abu-nofal/code301/data-structures-and-algorithms/javascript/linked-list/index.js","statementMap":{"0":{"start":{"line":7,"column":0},"end":{"line":7,"column":28}}},"fnMap":{},"branchMap":{},"s":{"0":2},"f":{},"b":{},"_coverageSchema":"1a1c01bbd47fc00a2c39e90264f33305004495a9","hash":"31d0472dc75b32b1975850b4916da5c5905cca21"}
}
