{"/home/abu-nofal/code301/data-structures-and-algorithms/401-code-challenge/code30/hashTable.js": {"path":"/home/abu-nofal/code301/data-structures-and-algorithms/401-code-challenge/code30/hashTable.js","statementMap":{"0":{"start":{"line":4,"column":8},"end":{"line":4,"column":27}},"1":{"start":{"line":5,"column":8},"end":{"line":5,"column":25}},"2":{"start":{"line":11,"column":8},"end":{"line":11,"column":25}},"3":{"start":{"line":14,"column":21},"end":{"line":14,"column":36}},"4":{"start":{"line":15,"column":8},"end":{"line":18,"column":9}},"5":{"start":{"line":16,"column":12},"end":{"line":16,"column":29}},"6":{"start":{"line":17,"column":12},"end":{"line":17,"column":19}},"7":{"start":{"line":19,"column":22},"end":{"line":19,"column":31}},"8":{"start":{"line":20,"column":8},"end":{"line":22,"column":9}},"9":{"start":{"line":21,"column":12},"end":{"line":21,"column":35}},"10":{"start":{"line":23,"column":8},"end":{"line":23,"column":28}},"11":{"start":{"line":30,"column":0},"end":{"line":30,"column":15}},"12":{"start":{"line":31,"column":0},"end":{"line":31,"column":24}},"13":{"start":{"line":34,"column":8},"end":{"line":37,"column":30}},"14":{"start":{"line":36,"column":12},"end":{"line":36,"column":44}},"15":{"start":{"line":41,"column":19},"end":{"line":41,"column":33}},"16":{"start":{"line":43,"column":8},"end":{"line":45,"column":9}},"17":{"start":{"line":44,"column":12},"end":{"line":44,"column":46}},"18":{"start":{"line":46,"column":20},"end":{"line":46,"column":36}},"19":{"start":{"line":47,"column":8},"end":{"line":47,"column":37}},"20":{"start":{"line":50,"column":17},"end":{"line":50,"column":31}},"21":{"start":{"line":51,"column":8},"end":{"line":51,"column":39}},"22":{"start":{"line":51,"column":28},"end":{"line":51,"column":39}},"23":{"start":{"line":52,"column":18},"end":{"line":52,"column":32}},"24":{"start":{"line":53,"column":20},"end":{"line":53,"column":30}},"25":{"start":{"line":54,"column":8},"end":{"line":54,"column":45}},"26":{"start":{"line":54,"column":21},"end":{"line":54,"column":45}},"27":{"start":{"line":55,"column":8},"end":{"line":55,"column":56}},"28":{"start":{"line":55,"column":31},"end":{"line":55,"column":56}},"29":{"start":{"line":56,"column":8},"end":{"line":59,"column":9}},"30":{"start":{"line":57,"column":12},"end":{"line":57,"column":32}},"31":{"start":{"line":58,"column":12},"end":{"line":58,"column":60}},"32":{"start":{"line":58,"column":35},"end":{"line":58,"column":60}},"33":{"start":{"line":62,"column":17},"end":{"line":62,"column":31}},"34":{"start":{"line":63,"column":8},"end":{"line":63,"column":40}},"35":{"start":{"line":63,"column":28},"end":{"line":63,"column":40}},"36":{"start":{"line":64,"column":18},"end":{"line":64,"column":32}},"37":{"start":{"line":65,"column":20},"end":{"line":65,"column":30}},"38":{"start":{"line":66,"column":8},"end":{"line":66,"column":33}},"39":{"start":{"line":66,"column":21},"end":{"line":66,"column":33}},"40":{"start":{"line":67,"column":8},"end":{"line":67,"column":44}},"41":{"start":{"line":67,"column":32},"end":{"line":67,"column":44}},"42":{"start":{"line":69,"column":6},"end":{"line":72,"column":7}},"43":{"start":{"line":70,"column":8},"end":{"line":70,"column":31}},"44":{"start":{"line":71,"column":8},"end":{"line":71,"column":44}},"45":{"start":{"line":71,"column":32},"end":{"line":71,"column":44}},"46":{"start":{"line":93,"column":0},"end":{"line":93,"column":25}}},"fnMap":{"0":{"name":"(anonymous_0)","decl":{"start":{"line":3,"column":4},"end":{"line":3,"column":5}},"loc":{"start":{"line":3,"column":23},"end":{"line":6,"column":5}},"line":3},"1":{"name":"(anonymous_1)","decl":{"start":{"line":10,"column":4},"end":{"line":10,"column":5}},"loc":{"start":{"line":10,"column":18},"end":{"line":12,"column":5}},"line":10},"2":{"name":"(anonymous_2)","decl":{"start":{"line":13,"column":4},"end":{"line":13,"column":5}},"loc":{"start":{"line":13,"column":18},"end":{"line":24,"column":5}},"line":13},"3":{"name":"(anonymous_3)","decl":{"start":{"line":29,"column":4},"end":{"line":29,"column":5}},"loc":{"start":{"line":29,"column":21},"end":{"line":32,"column":5}},"line":29},"4":{"name":"(anonymous_4)","decl":{"start":{"line":33,"column":4},"end":{"line":33,"column":5}},"loc":{"start":{"line":33,"column":14},"end":{"line":38,"column":5}},"line":33},"5":{"name":"(anonymous_5)","decl":{"start":{"line":34,"column":36},"end":{"line":34,"column":37}},"loc":{"start":{"line":34,"column":50},"end":{"line":37,"column":9}},"line":34},"6":{"name":"(anonymous_6)","decl":{"start":{"line":40,"column":4},"end":{"line":40,"column":5}},"loc":{"start":{"line":40,"column":20},"end":{"line":48,"column":5}},"line":40},"7":{"name":"(anonymous_7)","decl":{"start":{"line":49,"column":4},"end":{"line":49,"column":5}},"loc":{"start":{"line":49,"column":12},"end":{"line":60,"column":5}},"line":49},"8":{"name":"(anonymous_8)","decl":{"start":{"line":61,"column":4},"end":{"line":61,"column":5}},"loc":{"start":{"line":61,"column":16},"end":{"line":74,"column":5}},"line":61}},"branchMap":{"0":{"loc":{"start":{"line":15,"column":8},"end":{"line":18,"column":9}},"type":"if","locations":[{"start":{"line":15,"column":8},"end":{"line":18,"column":9}},{"start":{"line":15,"column":8},"end":{"line":18,"column":9}}],"line":15},"1":{"loc":{"start":{"line":43,"column":8},"end":{"line":45,"column":9}},"type":"if","locations":[{"start":{"line":43,"column":8},"end":{"line":45,"column":9}},{"start":{"line":43,"column":8},"end":{"line":45,"column":9}}],"line":43},"2":{"loc":{"start":{"line":51,"column":8},"end":{"line":51,"column":39}},"type":"if","locations":[{"start":{"line":51,"column":8},"end":{"line":51,"column":39}},{"start":{"line":51,"column":8},"end":{"line":51,"column":39}}],"line":51},"3":{"loc":{"start":{"line":54,"column":8},"end":{"line":54,"column":45}},"type":"if","locations":[{"start":{"line":54,"column":8},"end":{"line":54,"column":45}},{"start":{"line":54,"column":8},"end":{"line":54,"column":45}}],"line":54},"4":{"loc":{"start":{"line":55,"column":8},"end":{"line":55,"column":56}},"type":"if","locations":[{"start":{"line":55,"column":8},"end":{"line":55,"column":56}},{"start":{"line":55,"column":8},"end":{"line":55,"column":56}}],"line":55},"5":{"loc":{"start":{"line":58,"column":12},"end":{"line":58,"column":60}},"type":"if","locations":[{"start":{"line":58,"column":12},"end":{"line":58,"column":60}},{"start":{"line":58,"column":12},"end":{"line":58,"column":60}}],"line":58},"6":{"loc":{"start":{"line":63,"column":8},"end":{"line":63,"column":40}},"type":"if","locations":[{"start":{"line":63,"column":8},"end":{"line":63,"column":40}},{"start":{"line":63,"column":8},"end":{"line":63,"column":40}}],"line":63},"7":{"loc":{"start":{"line":66,"column":8},"end":{"line":66,"column":33}},"type":"if","locations":[{"start":{"line":66,"column":8},"end":{"line":66,"column":33}},{"start":{"line":66,"column":8},"end":{"line":66,"column":33}}],"line":66},"8":{"loc":{"start":{"line":67,"column":8},"end":{"line":67,"column":44}},"type":"if","locations":[{"start":{"line":67,"column":8},"end":{"line":67,"column":44}},{"start":{"line":67,"column":8},"end":{"line":67,"column":44}}],"line":67},"9":{"loc":{"start":{"line":71,"column":8},"end":{"line":71,"column":44}},"type":"if","locations":[{"start":{"line":71,"column":8},"end":{"line":71,"column":44}},{"start":{"line":71,"column":8},"end":{"line":71,"column":44}}],"line":71}},"s":{"0":6,"1":6,"2":4,"3":6,"4":6,"5":4,"6":4,"7":2,"8":2,"9":0,"10":2,"11":5,"12":5,"13":17,"14":72,"15":6,"16":6,"17":4,"18":6,"19":6,"20":4,"21":4,"22":1,"23":3,"24":3,"25":3,"26":0,"27":3,"28":2,"29":1,"30":1,"31":1,"32":1,"33":3,"34":3,"35":0,"36":3,"37":3,"38":3,"39":0,"40":3,"41":2,"42":1,"43":1,"44":1,"45":1,"46":1},"f":{"0":6,"1":4,"2":6,"3":5,"4":17,"5":72,"6":6,"7":4,"8":3},"b":{"0":[4,2],"1":[4,2],"2":[1,3],"3":[0,3],"4":[2,1],"5":[1,0],"6":[0,3],"7":[0,3],"8":[2,1],"9":[1,0]},"_coverageSchema":"1a1c01bbd47fc00a2c39e90264f33305004495a9","hash":"70318eba9f6bc3d39585741cfbfa3ab69ff17039"}
}
