TN:
SF:401-code-challenge/code33/hashTable.js
FN:3,(anonymous_0)
FN:10,(anonymous_1)
FN:13,(anonymous_2)
FN:31,(anonymous_3)
FN:37,(anonymous_4)
FN:38,(anonymous_5)
FN:45,(anonymous_6)
FN:62,(anonymous_7)
FN:76,(anonymous_8)
FN:91,(anonymous_9)
FN:96,(anonymous_10)
FNF:11
FNH:8
FNDA:10,(anonymous_0)
FNDA:10,(anonymous_1)
FNDA:10,(anonymous_2)
FNDA:4,(anonymous_3)
FNDA:20,(anonymous_4)
FNDA:110,(anonymous_5)
FNDA:10,(anonymous_6)
FNDA:0,(anonymous_7)
FNDA:10,(anonymous_8)
FNDA:0,(anonymous_9)
FNDA:0,(anonymous_10)
DA:4,10
DA:5,10
DA:11,10
DA:14,10
DA:15,10
DA:16,10
DA:17,10
DA:19,0
DA:20,0
DA:21,0
DA:23,0
DA:32,4
DA:33,4
DA:38,20
DA:40,110
DA:48,10
DA:49,0
DA:51,10
DA:53,10
DA:54,10
DA:56,10
DA:57,10
DA:63,0
DA:64,0
DA:65,0
DA:66,0
DA:67,0
DA:68,0
DA:69,0
DA:70,0
DA:71,0
DA:77,10
DA:78,10
DA:79,4
DA:80,4
DA:81,4
DA:82,4
DA:84,0
DA:85,0
DA:86,0
DA:93,0
DA:95,0
DA:96,0
DA:97,0
DA:98,0
DA:99,0
DA:100,0
DA:101,0
DA:102,0
DA:105,0
DA:106,0
DA:108,0
DA:109,0
DA:112,0
DA:113,0
DA:114,0
DA:116,0
DA:125,1
LF:58
LH:24
BRDA:15,0,0,10
BRDA:15,0,1,0
BRDA:48,1,0,0
BRDA:48,1,1,10
BRDA:53,2,0,10
BRDA:53,2,1,0
BRDA:64,3,0,0
BRDA:64,3,1,0
BRDA:67,4,0,0
BRDA:67,4,1,0
BRDA:68,5,0,0
BRDA:68,5,1,0
BRDA:71,6,0,0
BRDA:71,6,1,0
BRDA:78,7,0,6
BRDA:78,7,1,4
BRDA:81,8,0,0
BRDA:81,8,1,4
BRDA:82,9,0,4
BRDA:82,9,1,0
BRDA:86,10,0,0
BRDA:86,10,1,0
BRDA:99,11,0,0
BRDA:99,11,1,0
BRDA:100,12,0,0
BRDA:100,12,1,0
BRDA:101,13,0,0
BRDA:101,13,1,0
BRDA:105,14,0,0
BRDA:105,14,1,0
BRDA:108,15,0,0
BRDA:108,15,1,0
BRF:32
BRH:7
end_of_record
TN:
SF:401-code-challenge/code33/leftJoin.js
FN:1,(anonymous_0)
FNF:1
FNH:1
FNDA:3,(anonymous_0)
DA:1,1
DA:2,3
DA:5,3
DA:6,3
DA:7,900
DA:8,10
DA:9,10
DA:10,10
DA:11,4
DA:13,6
DA:15,10
DA:18,3
DA:20,1
LF:13
LH:13
BRDA:7,0,0,10
BRDA:7,0,1,890
BRDA:10,1,0,4
BRDA:10,1,1,6
BRF:4
BRH:4
end_of_record
