TN:
SF:401-code-challenge/code32/binary-tree.js
FN:5,(anonymous_0)
FN:10,(anonymous_1)
FN:12,(anonymous_2)
FN:22,(anonymous_3)
FN:24,(anonymous_4)
FN:34,(anonymous_5)
FN:36,(anonymous_6)
FN:45,(anonymous_7)
FN:50,(anonymous_8)
FNF:9
FNH:1
FNDA:2,(anonymous_0)
FNDA:0,(anonymous_1)
FNDA:0,(anonymous_2)
FNDA:0,(anonymous_3)
FNDA:0,(anonymous_4)
FNDA:0,(anonymous_5)
FNDA:0,(anonymous_6)
FNDA:0,(anonymous_7)
FNDA:0,(anonymous_8)
DA:6,2
DA:11,0
DA:12,0
DA:13,0
DA:14,0
DA:15,0
DA:17,0
DA:18,0
DA:23,0
DA:24,0
DA:25,0
DA:26,0
DA:27,0
DA:29,0
DA:30,0
DA:35,0
DA:36,0
DA:37,0
DA:38,0
DA:39,0
DA:41,0
DA:42,0
DA:46,0
DA:47,0
DA:49,0
DA:50,0
DA:51,0
DA:52,0
DA:53,0
DA:54,0
DA:55,0
DA:57,0
DA:58,0
DA:59,0
DA:60,0
DA:61,0
DA:63,0
DA:64,0
DA:72,1
LF:39
LH:2
BRDA:5,0,0,0
BRDA:14,1,0,0
BRDA:14,1,1,0
BRDA:15,2,0,0
BRDA:15,2,1,0
BRDA:25,3,0,0
BRDA:25,3,1,0
BRDA:27,4,0,0
BRDA:27,4,1,0
BRDA:37,5,0,0
BRDA:37,5,1,0
BRDA:38,6,0,0
BRDA:38,6,1,0
BRDA:46,7,0,0
BRDA:46,7,1,0
BRDA:51,8,0,0
BRDA:51,8,1,0
BRDA:57,9,0,0
BRDA:57,9,1,0
BRDA:59,10,0,0
BRDA:59,10,1,0
BRF:21
BRH:0
end_of_record
TN:
SF:401-code-challenge/code32/hashTable.js
FN:3,(anonymous_0)
FN:10,(anonymous_1)
FN:13,(anonymous_2)
FN:31,(anonymous_3)
FN:37,(anonymous_4)
FN:38,(anonymous_5)
FN:45,(anonymous_6)
FN:62,(anonymous_7)
FN:76,(anonymous_8)
FN:91,(anonymous_9)
FN:96,(anonymous_10)
FNF:11
FNH:7
FNDA:66,(anonymous_0)
FNDA:30,(anonymous_1)
FNDA:44,(anonymous_2)
FNDA:2,(anonymous_3)
FNDA:0,(anonymous_4)
FNDA:0,(anonymous_5)
FNDA:44,(anonymous_6)
FNDA:0,(anonymous_7)
FNDA:0,(anonymous_8)
FNDA:2,(anonymous_9)
FNDA:44,(anonymous_10)
DA:4,66
DA:5,66
DA:11,30
DA:14,44
DA:15,44
DA:16,30
DA:17,30
DA:19,14
DA:20,14
DA:21,0
DA:23,14
DA:32,2
DA:33,2
DA:38,0
DA:40,0
DA:48,44
DA:49,44
DA:51,0
DA:53,44
DA:54,30
DA:56,44
DA:57,44
DA:63,0
DA:64,0
DA:65,0
DA:66,0
DA:67,0
DA:68,0
DA:69,0
DA:70,0
DA:71,0
DA:77,0
DA:78,0
DA:79,0
DA:80,0
DA:81,0
DA:82,0
DA:84,0
DA:85,0
DA:86,0
DA:93,2
DA:95,2
DA:96,2
DA:97,44
DA:98,44
DA:99,44
DA:100,22
DA:101,22
DA:102,14
DA:105,44
DA:106,20
DA:108,44
DA:109,20
DA:112,2
DA:113,2
DA:114,2
DA:116,2
DA:123,1
LF:58
LH:36
BRDA:15,0,0,30
BRDA:15,0,1,14
BRDA:48,1,0,44
BRDA:48,1,1,0
BRDA:53,2,0,30
BRDA:53,2,1,14
BRDA:64,3,0,0
BRDA:64,3,1,0
BRDA:67,4,0,0
BRDA:67,4,1,0
BRDA:68,5,0,0
BRDA:68,5,1,0
BRDA:71,6,0,0
BRDA:71,6,1,0
BRDA:78,7,0,0
BRDA:78,7,1,0
BRDA:81,8,0,0
BRDA:81,8,1,0
BRDA:82,9,0,0
BRDA:82,9,1,0
BRDA:86,10,0,0
BRDA:86,10,1,0
BRDA:99,11,0,22
BRDA:99,11,1,22
BRDA:100,12,0,22
BRDA:100,12,1,0
BRDA:101,13,0,14
BRDA:101,13,1,8
BRDA:105,14,0,20
BRDA:105,14,1,24
BRDA:108,15,0,20
BRDA:108,15,1,24
BRF:32
BRH:14
end_of_record
